[LOG] System::create                           : Header version = 1.10.02. Current version = 1.10.02.
[LOG] Manager::init                            : maxchannels = 256 studioflags = 00000006 flags 00000000 extradriverdata 0x0.
[LOG] SystemI::init                            : FMOD Studio Version: 00011002 (92217)
[LOG] SystemI::init                            : maxchannels = 256, flags = 00020000, extradriverdata = 0x0
[LOG] SystemI::setOutputInternal               : Setting output to type 0
[LOG] SystemI::setOutputInternal               : Setting output to type 12
[LOG] OutputCoreAudio::enumerate               : Enumerating...
[LOG] OutputCoreAudio::enumerate               : Found output driver: "Built-in Output".
[LOG] OutputCoreAudio::enumerate               : Found output driver: "AudioBox USB".
[LOG] OutputCoreAudio::enumerate               : Found output driver: "Built-in Output (Aggregated)".
[LOG] OutputCoreAudio::enumerate               : Found output driver: "Soundflower (64ch) (Aggregated)".
[LOG] OutputCoreAudio::enumerate               : Found output driver: "Soundflower (2ch)".
[LOG] OutputCoreAudio::enumerate               : Found output driver: "Soundflower (64ch)".
[LOG] OutputCoreAudio::enumerate               : Found output driver: "Aggregate Device".
[LOG] OutputCoreAudio::enumerate               : Done.
[LOG] SystemI::setOutputInternal               : Setting output to type 12
[LOG] SystemI::setOutputInternal               : Setting output to type 12
[LOG] SystemI::setOutputInternal               : Setting output to type 12
[LOG] OutputCoreAudio::init                    : Output running 2 channels at 44100Hz sample rate.
[LOG] OutputCoreAudio::init                    : Maximum hardware read size: 1024 samples, Software buffer size: 512 samples, Number of software buffers: 4.
[WRN] SystemI::init                            : Output requires a sample rate of 44100Hz, resampling will occur.
[LOG] SystemI::init                            : Create master channel group and master sound group.
[LOG] SystemI::init                            : Set up emulated output.  256 channels
[LOG] SystemI::init                            : create the channel pool
[LOG] SystemI::init                            : create the stream thread
[LOG] Thread::initThread                       : Init FMOD stream thread. Priority: 2, Stack Size: 65536, Semaphore: No, Sleep Time: 10, Looping: Yes.
[LOG] Thread::initThread                       : Init FMOD mixer thread. Priority: 3, Stack Size: 49152, Semaphore: Yes, Sleep Time: 0, Looping: Yes.
[LOG] AsyncManager::init                       : manager 0x1365c3808 isAsync 0 updatePeriod 0.02
[LOG] AsyncManager::init                       : done
[LOG] PlaybackSystem::init                     : 
[LOG] Thread::initThread                       : Init FMOD Studio sample load thread. Priority: 0, Stack Size: 65536, Semaphore: No, Sleep Time: 1, Looping: No.
[LOG] PlaybackSystem::init                     : done
[LOG] Thread::initThread                       : Init FMOD Studio bank load thread. Priority: 0, Stack Size: 65536, Semaphore: No, Sleep Time: 1, Looping: No.
[LOG] Manager::init                            : done.
[LOG] Manager::readBank                        : fileversion = 99, compatVersion = 99 (oldest = 44, newest = 99)
[LOG] SoundI::release                          : Bass_Squelch (0x10e59a838)
[LOG] SoundI::release                          : remove stream samples. (0x10e59a838)
[LOG] SoundI::release                          :     Bass_Squelch (0x136cb58f8)
[LOG] SoundI::release                          :     done
[LOG] SoundI::release                          : release subsounds. (0x10e59a838)
[LOG] SoundI::release                          :     Bass_Squelch (0x136cb5a88)
[LOG] SoundI::release                          :     done
[LOG] SoundI::release                          : release codec. (0x10e59a838)
[LOG] SoundI::release                          : done
[LOG] SoundI::release                          : Bass_Voice (0x10e4688a8)
[LOG] SoundI::release                          : remove stream samples. (0x10e4688a8)
[LOG] SoundI::release                          :     Bass_Voice (0x136cb7968)
[LOG] SoundI::release                          :     done
[LOG] SoundI::release                          : release subsounds. (0x10e4688a8)
[LOG] SoundI::release                          :     Bass_Voice (0x136cb7af8)
[LOG] SoundI::release                          :     done
[LOG] SoundI::release                          : release codec. (0x10e4688a8)
[LOG] SoundI::release                          : done
[LOG] SoundI::release                          : BigArpBass_BitCrushed (0x10e5bff58)
[LOG] SoundI::release                          : remove stream samples. (0x10e5bff58)
[LOG] SoundI::release                          :     BigArpBass_BitCrushed (0x10e588068)
[LOG] SoundI::release                          :     done
[LOG] SoundI::release                          : release subsounds. (0x10e5bff58)
[LOG] SoundI::release                          :     BigArpBass_BitCrushed (0x10e5881f8)
[LOG] SoundI::release                          :     done
[LOG] SoundI::release                          : release codec. (0x10e5bff58)
[LOG] SoundI::release                          : done
[LOG] SoundI::release                          : Bass_Ringmod (0x10e48f3a8)
[LOG] SoundI::release                          : remove stream samples. (0x10e48f3a8)
[LOG] SoundI::release                          :     Bass_Ringmod (0x141f40c58)
[LOG] SoundI::release                          :     done
[LOG] SoundI::release                          : release subsounds. (0x10e48f3a8)
[LOG] SoundI::release                          :     Bass_Ringmod (0x141f42628)
[LOG] SoundI::release                          :     done
[LOG] SoundI::release                          : release codec. (0x10e48f3a8)
[LOG] SoundI::release                          : done
[LOG] SoundI::release                          : Arp Bass notail (0x136cb51f8)
[LOG] SoundI::release                          : remove stream samples. (0x136cb51f8)
[LOG] SoundI::release                          :     Arp Bass notail (0x136cb6f28)
[LOG] SoundI::release                          :     done
[LOG] SoundI::release                          : release subsounds. (0x136cb51f8)
[LOG] SoundI::release                          :     Arp Bass notail (0x136cb70b8)
[LOG] SoundI::release                          :     done
[LOG] SoundI::release                          : release codec. (0x136cb51f8)
[LOG] SoundI::release                          : done
[LOG] Manager::readBank                        : fileversion = 99, compatVersion = 99 (oldest = 44, newest = 99)
[LOG] Manager::readBank                        : fileversion = 99, compatVersion = 99 (oldest = 44, newest = 99)
[LOG] SystemI::createSound                     : filename = /Users/AzMacbook/Documents/GameFmodSession/Build/Desktop/Master Bank.bank : mode 02010082
[LOG] SystemI::createSound                     : FMOD_NONBLOCKING specified.  Putting into queue to be opened asynchronously!
[LOG] SystemI::createSound                     : setdata soundi = 0x136c4afe8 : node = 0x136c4b1a0
[LOG] SystemI::createSound                     : add node to async list : head = 0x10e50a698.  list count = 0
[LOG] SystemI::createSound                     : filename = /Users/AzMacbook/Documents/GameFmodSession/Build/Desktop/Master Bank.bank : mode 02010082
[LOG] AsyncThread::threadFunc                  : Starting Asynchronous operation on sound 0x136c4afe8
[LOG] SystemI::createSound                     : FMOD_NONBLOCKING specified.  Putting into queue to be opened asynchronously!
[LOG] SystemI::createSoundInternal             :     filename = /Users/AzMacbook/Documents/GameFmodSession/Build/Desktop/Master Bank.bank : mode 02010082
[LOG] SystemI::createSound                     :     setdata soundi = 0x136c4b4d8 : node = 0x136c4b690
[LOG] SystemI::createSoundInternal             :     exinfo->cbsize             = 232
[LOG] SystemI::createSound                     :     add node to async list : head = 0x10e50a698.  list count = 0
[LOG] SystemI::createSoundInternal             :     exinfo->length             = 4256128
[LOG] SystemI::createSound                     :     filename = /Users/AzMacbook/Documents/GameFmodSession/Build/Desktop/Master Bank.bank : mode 02010082
[LOG] SystemI::createSoundInternal             :     exinfo->fileoffset         = 20544
[LOG] SystemI::createSound                     :     FMOD_NONBLOCKING specified.  Putting into queue to be opened asynchronously!
[LOG] SystemI::createSoundInternal             :     exinfo->numsubsounds       = 1
[LOG] SystemI::createSound                     :     setdata soundi = 0x136c4b9c8 : node = 0x136c4bb80
[LOG] SystemI::createSoundInternal             :     exinfo->inclusionlist      = 0x136c4b2b8
[LOG] SystemI::createSound                     :     add node to async list : head = 0x10e50a698.  list count = 1
[LOG] SystemI::createSoundInternal             :     exinfo->inclusionlistnum   = 1
[LOG] SystemI::createSound                     :     filename = /Users/AzMacbook/Documents/GameFmodSession/Build/Desktop/Master Bank.bank : mode 02010082
[LOG] SystemI::createSoundInternal             :     exinfo->suggestedsoundtype = 5
[LOG] SystemI::createSound                     :     FMOD_NONBLOCKING specified.  Putting into queue to be opened asynchronously!
[LOG] SystemI::createSoundInternal             :     exinfo->initialseekpostype = 1
[LOG] SystemI::createSound                     :     setdata soundi = 0x136c4beb8 : node = 0x136c4c070
[LOG] SystemI::createSound                     :     add node to async list : head = 0x10e50a698.  list count = 2
[LOG] SystemI::createSound                     :     filename = /Users/AzMacbook/Documents/GameFmodSession/Build/Desktop/Master Bank.bank : mode 02010082
[LOG] SystemI::createSound                     :     FMOD_NONBLOCKING specified.  Putting into queue to be opened asynchronously!
[LOG] SystemI::createSound                     :     setdata soundi = 0x136c4c3a8 : node = 0x136c4c560
[LOG] SystemI::createSound                     :     add node to async list : head = 0x10e50a698.  list count = 3
[LOG] SystemI::createSoundInternal             :     Format has 1 subsounds.
[LOG] SystemI::createSoundInternal             :     Create as FMOD_CREATESTREAM
[LOG] System::createSoundInternal              :     decode buffersize = 19200 : blocksize = 256 : format = 2
[LOG] SystemI::createSample                    :     mode 02010082 length 19200 samples, lengthbytes 1060864
[LOG] SystemI::createSample                    :     channels = 2
[LOG] SystemI::createSample                    :     output = 0x10e4bc468
[LOG] OutputSoftware::createSample             :     lengthpcm 19200, lengthbytes 1060864, channels 2, format 2, freq 48000, mode 0201008a
[LOG] System::createSoundInternal              :     1 subsounds detected.
[LOG] System::createSoundInternal              :     Seek stream to start
[LOG] System::createSoundInternal              :     flush stream buffer
[LOG] System::createSoundInternal              :     flush successful.
[LOG] System::createSoundInternal              :     switch file handle from small blocking single buffered to large nonblocking doublebuffered.
[LOG] SystemI::createSoundInternal             :     done.  OpenState now = FMOD_OPENSTATE_READY.

[LOG] AsyncThread::threadFunc                  : Finished Asynchronous operation on sound 0x136c4afe8
[LOG] AsyncThread::threadFunc                  : Starting Asynchronous operation on sound 0x136c4b4d8
[LOG] SystemI::createSoundInternal             :     filename = /Users/AzMacbook/Documents/GameFmodSession/Build/Desktop/Master Bank.bank : mode 02010082
[LOG] SystemI::createSoundInternal             :     exinfo->cbsize             = 232
[LOG] SystemI::createSoundInternal             :     exinfo->length             = 4256128
[LOG] SystemI::createSoundInternal             :     exinfo->fileoffset         = 20544
[LOG] SystemI::createSoundInternal             :     exinfo->numsubsounds       = 1
[LOG] SystemI::createSoundInternal             :     exinfo->inclusionlist      = 0x136c4b7a8
[LOG] SystemI::createSoundInternal             :     exinfo->inclusionlistnum   = 1
[LOG] SystemI::createSoundInternal             :     exinfo->suggestedsoundtype = 5
[LOG] SystemI::createSoundInternal             :     exinfo->initialseekpostype = 1
[LOG] SystemI::createSoundInternal             :     Format has 1 subsounds.
[LOG] SystemI::createSoundInternal             :     Create as FMOD_CREATESTREAM
[LOG] System::createSoundInternal              :     decode buffersize = 19200 : blocksize = 256 : format = 2
[LOG] SystemI::createSample                    :     mode 02010082 length 19200 samples, lengthbytes 996992
[LOG] SystemI::createSample                    :     channels = 2
[LOG] SystemI::createSample                    :     output = 0x10e4bc468
[LOG] OutputSoftware::createSample             :     lengthpcm 19200, lengthbytes 996992, channels 2, format 2, freq 48000, mode 0201008a
[LOG] System::createSoundInternal              :     1 subsounds detected.
[LOG] System::createSoundInternal              :     Seek stream to start
[LOG] System::createSoundInternal              :     flush stream buffer
[LOG] System::createSoundInternal              :     flush successful.
[LOG] System::createSoundInternal              :     switch file handle from small blocking single buffered to large nonblocking doublebuffered.
[LOG] SystemI::createSoundInternal             :     done.  OpenState now = FMOD_OPENSTATE_READY.

[LOG] AsyncThread::threadFunc                  : Finished Asynchronous operation on sound 0x136c4b4d8
[LOG] AsyncThread::threadFunc                  : Starting Asynchronous operation on sound 0x136c4b9c8
[LOG] SystemI::createSoundInternal             :     filename = /Users/AzMacbook/Documents/GameFmodSession/Build/Desktop/Master Bank.bank : mode 02010082
[LOG] SystemI::createSoundInternal             :     exinfo->cbsize             = 232
[LOG] SystemI::createSoundInternal             :     exinfo->length             = 4256128
[LOG] SystemI::createSoundInternal             :     exinfo->fileoffset         = 20544
[LOG] SystemI::createSoundInternal             :     exinfo->numsubsounds       = 1
[LOG] SystemI::createSoundInternal             :     exinfo->inclusionlist      = 0x136c4bc98
[LOG] SystemI::createSoundInternal             :     exinfo->inclusionlistnum   = 1
[LOG] SystemI::createSoundInternal             :     exinfo->suggestedsoundtype = 5
[LOG] SystemI::createSoundInternal             :     exinfo->initialseekpostype = 1
[LOG] SystemI::createSoundInternal             :     Format has 1 subsounds.
[LOG] SystemI::createSoundInternal             :     Create as FMOD_CREATESTREAM
[LOG] System::createSoundInternal              :     decode buffersize = 19200 : blocksize = 256 : format = 2
[LOG] SystemI::createSample                    :     mode 02010082 length 19200 samples, lengthbytes 320000
[LOG] SystemI::createSample                    :     channels = 2
[LOG] SystemI::createSample                    :     output = 0x10e4bc468
[LOG] OutputSoftware::createSample             :     lengthpcm 19200, lengthbytes 320000, channels 2, format 2, freq 48000, mode 0201008a
[LOG] System::createSoundInternal              :     1 subsounds detected.
[LOG] System::createSoundInternal              :     Seek stream to start
[LOG] System::createSoundInternal              :     flush stream buffer
[LOG] System::createSoundInternal              :     flush successful.
[LOG] System::createSoundInternal              :     switch file handle from small blocking single buffered to large nonblocking doublebuffered.
[LOG] SystemI::createSoundInternal             :     done.  OpenState now = FMOD_OPENSTATE_READY.

[LOG] AsyncThread::threadFunc                  : Finished Asynchronous operation on sound 0x136c4b9c8
[LOG] AsyncThread::threadFunc                  : Starting Asynchronous operation on sound 0x136c4beb8
[LOG] SystemI::createSoundInternal             :     filename = /Users/AzMacbook/Documents/GameFmodSession/Build/Desktop/Master Bank.bank : mode 02010082
[LOG] SystemI::createSoundInternal             :     exinfo->cbsize             = 232
[LOG] SystemI::createSoundInternal             :     exinfo->length             = 4256128
[LOG] SystemI::createSoundInternal             :     exinfo->fileoffset         = 20544
[LOG] SystemI::createSoundInternal             :     exinfo->numsubsounds       = 1
[LOG] SystemI::createSoundInternal             :     exinfo->inclusionlist      = 0x136c4c188
[LOG] SystemI::createSoundInternal             :     exinfo->inclusionlistnum   = 1
[LOG] SystemI::createSoundInternal             :     exinfo->suggestedsoundtype = 5
[LOG] SystemI::createSoundInternal             :     exinfo->initialseekpostype = 1
[LOG] SystemI::createSoundInternal             :     Format has 1 subsounds.
[LOG] SystemI::createSoundInternal             :     Create as FMOD_CREATESTREAM
[LOG] System::createSoundInternal              :     decode buffersize = 19200 : blocksize = 256 : format = 2
[LOG] SystemI::createSample                    :     mode 02010082 length 19200 samples, lengthbytes 1532480
[LOG] SystemI::createSample                    :     channels = 2
[LOG] SystemI::createSample                    :     output = 0x10e4bc468
[LOG] OutputSoftware::createSample             :     lengthpcm 19200, lengthbytes 1532480, channels 2, format 2, freq 48000, mode 0201008a
[LOG] System::createSoundInternal              :     1 subsounds detected.
[LOG] System::createSoundInternal              :     Seek stream to start
[LOG] System::createSoundInternal              :     flush stream buffer
[LOG] System::createSoundInternal              :     flush successful.
[LOG] System::createSoundInternal              :     switch file handle from small blocking single buffered to large nonblocking doublebuffered.
[LOG] SystemI::createSoundInternal             :     done.  OpenState now = FMOD_OPENSTATE_READY.

[LOG] AsyncThread::threadFunc                  : Finished Asynchronous operation on sound 0x136c4beb8
[LOG] AsyncThread::threadFunc                  : Starting Asynchronous operation on sound 0x136c4c3a8
[LOG] SystemI::createSoundInternal             :     filename = /Users/AzMacbook/Documents/GameFmodSession/Build/Desktop/Master Bank.bank : mode 02010082
[LOG] SystemI::createSoundInternal             :     exinfo->cbsize             = 232
[LOG] SystemI::createSoundInternal             :     exinfo->length             = 4256128
[LOG] SystemI::createSoundInternal             :     exinfo->fileoffset         = 20544
[LOG] SystemI::createSoundInternal             :     exinfo->numsubsounds       = 1
[LOG] SystemI::createSoundInternal             :     exinfo->inclusionlist      = 0x136c4c678
[LOG] SystemI::createSoundInternal             :     exinfo->inclusionlistnum   = 1
[LOG] SystemI::createSoundInternal             :     exinfo->suggestedsoundtype = 5
[LOG] SystemI::createSoundInternal             :     exinfo->initialseekpostype = 1
[LOG] SystemI::createSoundInternal             :     Format has 1 subsounds.
[LOG] SystemI::createSoundInternal             :     Create as FMOD_CREATESTREAM
[LOG] System::createSoundInternal              :     decode buffersize = 19200 : blocksize = 256 : format = 2
[LOG] SystemI::createSample                    :     mode 02010082 length 19200 samples, lengthbytes 341856
[LOG] SystemI::createSample                    :     channels = 2
[LOG] SystemI::createSample                    :     output = 0x10e4bc468
[LOG] OutputSoftware::createSample             :     lengthpcm 19200, lengthbytes 341856, channels 2, format 2, freq 48000, mode 0201008a
[LOG] System::createSoundInternal              :     1 subsounds detected.
[LOG] System::createSoundInternal              :     Seek stream to start
[LOG] System::createSoundInternal              :     flush stream buffer
[LOG] System::createSoundInternal              :     flush successful.
[LOG] System::createSoundInternal              :     switch file handle from small blocking single buffered to large nonblocking doublebuffered.
[LOG] SystemI::createSoundInternal             :     done.  OpenState now = FMOD_OPENSTATE_READY.

[LOG] AsyncThread::threadFunc                  : Finished Asynchronous operation on sound 0x136c4c3a8
[LOG] SoundI::getSubSound                      : sound 0x136c4afe8.  Subsound index 0 / 1
[LOG] SoundI::getSubSound                      : sound 0x136c4b4d8.  Subsound index 0 / 1
[LOG] SoundI::getSubSound                      : sound 0x136c4b9c8.  Subsound index 0 / 1
[LOG] SoundI::getSubSound                      : sound 0x136c4beb8.  Subsound index 0 / 1
[LOG] SoundI::getSubSound                      : sound 0x136c4c3a8.  Subsound index 0 / 1
[LOG] SoundI::release                          : Bass_Squelch (0x136c4afe8)
[LOG] SoundI::release                          : remove stream samples. (0x136c4afe8)
[LOG] SoundI::release                          :     Bass_Squelch (0x135fe30b8)
[LOG] SoundI::release                          :     done
[LOG] SoundI::release                          : release subsounds. (0x136c4afe8)
[LOG] SoundI::release                          :     Bass_Squelch (0x135fe3248)
[LOG] SoundI::release                          :     done
[LOG] SoundI::release                          : release codec. (0x136c4afe8)
[LOG] SoundI::release                          : done
[LOG] SoundI::release                          : Bass_Voice (0x136c4b9c8)
[LOG] SoundI::release                          : remove stream samples. (0x136c4b9c8)
[LOG] SoundI::release                          :     Bass_Voice (0x136c4d698)
[LOG] SoundI::release                          :     done
[LOG] SoundI::release                          : release subsounds. (0x136c4b9c8)
[LOG] SoundI::release                          :     Bass_Voice (0x136c4d828)
[LOG] SoundI::release                          :     done
[LOG] SoundI::release                          : release codec. (0x136c4b9c8)
[LOG] SoundI::release                          : done
[LOG] SoundI::release                          : BigArpBass_BitCrushed (0x136c4beb8)
[LOG] SoundI::release                          : remove stream samples. (0x136c4beb8)
[LOG] SoundI::release                          :     BigArpBass_BitCrushed (0x136c4e0d8)
[LOG] SoundI::release                          :     done
[LOG] SoundI::release                          : release subsounds. (0x136c4beb8)
[LOG] SoundI::release                          :     BigArpBass_BitCrushed (0x136c4e268)
[LOG] SoundI::release                          :     done
[LOG] SoundI::release                          : release codec. (0x136c4beb8)
[LOG] SoundI::release                          : done
[LOG] SoundI::release                          : Bass_Ringmod (0x136c4c3a8)
[LOG] SoundI::release                          : remove stream samples. (0x136c4c3a8)
[LOG] SoundI::release                          :     Bass_Ringmod (0x135fe2448)
[LOG] SoundI::release                          :     done
[LOG] SoundI::release                          : release subsounds. (0x136c4c3a8)
[LOG] SoundI::release                          :     Bass_Ringmod (0x135fe3738)
[LOG] SoundI::release                          :     done
[LOG] SoundI::release                          : release codec. (0x136c4c3a8)
[LOG] SoundI::release                          : done
[LOG] SoundI::release                          : Arp Bass notail (0x136c4b4d8)
[LOG] SoundI::release                          : remove stream samples. (0x136c4b4d8)
[LOG] SoundI::release                          :     Arp Bass notail (0x136c4cc58)
[LOG] SoundI::release                          :     done
[LOG] SoundI::release                          : release subsounds. (0x136c4b4d8)
[LOG] SoundI::release                          :     Arp Bass notail (0x136c4cde8)
[LOG] SoundI::release                          :     done
[LOG] SoundI::release                          : release codec. (0x136c4b4d8)
[LOG] SoundI::release                          : done
[LOG] Manager::readBank                        : fileversion = 99, compatVersion = 99 (oldest = 44, newest = 99)
[LOG] Manager::readBank                        : fileversion = 99, compatVersion = 99 (oldest = 44, newest = 99)
[LOG] Manager::readBank                        : fileversion = 99, compatVersion = 99 (oldest = 44, newest = 99)
[LOG] PlaybackSystem::acquireMasterBus         : Setting master channel group format to 6
[LOG] SystemI::createSound                     : filename = /Users/AzMacbook/Documents/GameFmodSession/Build/Desktop/Master Bank.bank : mode 02010082
[LOG] SystemI::createSound                     : FMOD_NONBLOCKING specified.  Putting into queue to be opened asynchronously!
[LOG] SystemI::createSound                     : setdata soundi = 0x1378b08b8 : node = 0x1378b0a70
[LOG] SystemI::createSound                     : add node to async list : head = 0x10e50a698.  list count = 0
[LOG] AsyncThread::threadFunc                  : Starting Asynchronous operation on sound 0x1378b08b8
[LOG] SystemI::createSound                     : filename = /Users/AzMacbook/Documents/GameFmodSession/Build/Desktop/Master Bank.bank : mode 02010082
[LOG] SystemI::createSoundInternal             :     filename = /Users/AzMacbook/Documents/GameFmodSession/Build/Desktop/Master Bank.bank : mode 02010082
[LOG] SystemI::createSound                     :     FMOD_NONBLOCKING specified.  Putting into queue to be opened asynchronously!
[LOG] SystemI::createSoundInternal             :     exinfo->cbsize             = 232
[LOG] SystemI::createSound                     :     setdata soundi = 0x135fe7ee8 : node = 0x137b00c40
[LOG] SystemI::createSoundInternal             :     exinfo->length             = 4256128
[LOG] SystemI::createSound                     :     add node to async list : head = 0x10e50a698.  list count = 0
[LOG] SystemI::createSoundInternal             :     exinfo->fileoffset         = 20544
[LOG] SystemI::createSound                     :     filename = /Users/AzMacbook/Documents/GameFmodSession/Build/Desktop/Master Bank.bank : mode 02010082
[LOG] SystemI::createSoundInternal             :     exinfo->numsubsounds       = 1
[LOG] SystemI::createSound                     :     FMOD_NONBLOCKING specified.  Putting into queue to be opened asynchronously!
[LOG] SystemI::createSoundInternal             :     exinfo->inclusionlist      = 0x1378b0b88
[LOG] SystemI::createSound                     :     setdata soundi = 0x135fe6de8 : node = 0x135fe2a90
[LOG] SystemI::createSoundInternal             :     exinfo->inclusionlistnum   = 1
[LOG] SystemI::createSound                     :     add node to async list : head = 0x10e50a698.  list count = 1
[LOG] SystemI::createSoundInternal             :     exinfo->suggestedsoundtype = 5
[LOG] SystemI::createSound                     :     filename = /Users/AzMacbook/Documents/GameFmodSession/Build/Desktop/Master Bank.bank : mode 02010082
[LOG] SystemI::createSoundInternal             :     exinfo->initialseekpostype = 1
[LOG] SystemI::createSound                     :     FMOD_NONBLOCKING specified.  Putting into queue to be opened asynchronously!
[LOG] SystemI::createSound                     :     setdata soundi = 0x135fe7198 : node = 0x10e351050
[LOG] SystemI::createSound                     :     add node to async list : head = 0x10e50a698.  list count = 2
[LOG] SystemI::createSound                     :     filename = /Users/AzMacbook/Documents/GameFmodSession/Build/Desktop/Master Bank.bank : mode 02010082
[LOG] SystemI::createSound                     :     FMOD_NONBLOCKING specified.  Putting into queue to be opened asynchronously!
[LOG] SystemI::createSound                     :     setdata soundi = 0x135fe87f8 : node = 0x135fe89b0
[LOG] SystemI::createSound                     :     add node to async list : head = 0x10e50a698.  list count = 3
[LOG] SystemI::createSoundInternal             :     Format has 1 subsounds.
[LOG] SystemI::createSoundInternal             :     Create as FMOD_CREATESTREAM
[LOG] System::createSoundInternal              :     decode buffersize = 19200 : blocksize = 256 : format = 2
[LOG] SystemI::createSample                    :     mode 02010082 length 19200 samples, lengthbytes 1060864
[LOG] SystemI::createSample                    :     channels = 2
[LOG] SystemI::createSample                    :     output = 0x10e4bc468
[LOG] OutputSoftware::createSample             :     lengthpcm 19200, lengthbytes 1060864, channels 2, format 2, freq 48000, mode 0201008a
[LOG] System::createSoundInternal              :     1 subsounds detected.
[LOG] System::createSoundInternal              :     Seek stream to start
[LOG] System::createSoundInternal              :     flush stream buffer
[LOG] System::createSoundInternal              :     flush successful.
[LOG] System::createSoundInternal              :     switch file handle from small blocking single buffered to large nonblocking doublebuffered.
[LOG] SystemI::createSoundInternal             :     done.  OpenState now = FMOD_OPENSTATE_READY.

[LOG] AsyncThread::threadFunc                  : Finished Asynchronous operation on sound 0x1378b08b8
[LOG] AsyncThread::threadFunc                  : Starting Asynchronous operation on sound 0x135fe7ee8
[LOG] SystemI::createSoundInternal             :     filename = /Users/AzMacbook/Documents/GameFmodSession/Build/Desktop/Master Bank.bank : mode 02010082
[LOG] SystemI::createSoundInternal             :     exinfo->cbsize             = 232
[LOG] SystemI::createSoundInternal             :     exinfo->length             = 4256128
[LOG] SystemI::createSoundInternal             :     exinfo->fileoffset         = 20544
[LOG] SystemI::createSoundInternal             :     exinfo->numsubsounds       = 1
[LOG] SystemI::createSoundInternal             :     exinfo->inclusionlist      = 0x137b00d58
[LOG] SystemI::createSoundInternal             :     exinfo->inclusionlistnum   = 1
[LOG] SystemI::createSoundInternal             :     exinfo->suggestedsoundtype = 5
[LOG] SystemI::createSoundInternal             :     exinfo->initialseekpostype = 1
[LOG] SystemI::createSoundInternal             :     Format has 1 subsounds.
[LOG] SystemI::createSoundInternal             :     Create as FMOD_CREATESTREAM
[LOG] System::createSoundInternal              :     decode buffersize = 19200 : blocksize = 256 : format = 2
[LOG] SystemI::createSample                    :     mode 02010082 length 19200 samples, lengthbytes 996992
[LOG] SystemI::createSample                    :     channels = 2
[LOG] SystemI::createSample                    :     output = 0x10e4bc468
[LOG] OutputSoftware::createSample             :     lengthpcm 19200, lengthbytes 996992, channels 2, format 2, freq 48000, mode 0201008a
[LOG] System::createSoundInternal              :     1 subsounds detected.
[LOG] System::createSoundInternal              :     Seek stream to start
[LOG] System::createSoundInternal              :     flush stream buffer
[LOG] System::createSoundInternal              :     flush successful.
[LOG] System::createSoundInternal              :     switch file handle from small blocking single buffered to large nonblocking doublebuffered.
[LOG] SystemI::createSoundInternal             :     done.  OpenState now = FMOD_OPENSTATE_READY.

[LOG] AsyncThread::threadFunc                  : Finished Asynchronous operation on sound 0x135fe7ee8
[LOG] AsyncThread::threadFunc                  : Starting Asynchronous operation on sound 0x135fe6de8
[LOG] SystemI::createSoundInternal             :     filename = /Users/AzMacbook/Documents/GameFmodSession/Build/Desktop/Master Bank.bank : mode 02010082
[LOG] SystemI::createSoundInternal             :     exinfo->cbsize             = 232
[LOG] SystemI::createSoundInternal             :     exinfo->length             = 4256128
[LOG] SystemI::createSoundInternal             :     exinfo->fileoffset         = 20544
[LOG] SystemI::createSoundInternal             :     exinfo->numsubsounds       = 1
[LOG] SystemI::createSoundInternal             :     exinfo->inclusionlist      = 0x135fe2ba8
[LOG] SystemI::createSoundInternal             :     exinfo->inclusionlistnum   = 1
[LOG] SystemI::createSoundInternal             :     exinfo->suggestedsoundtype = 5
[LOG] SystemI::createSoundInternal             :     exinfo->initialseekpostype = 1
[LOG] SystemI::createSoundInternal             :     Format has 1 subsounds.
[LOG] SystemI::createSoundInternal             :     Create as FMOD_CREATESTREAM
[LOG] System::createSoundInternal              :     decode buffersize = 19200 : blocksize = 256 : format = 2
[LOG] SystemI::createSample                    :     mode 02010082 length 19200 samples, lengthbytes 320000
[LOG] SystemI::createSample                    :     channels = 2
[LOG] SystemI::createSample                    :     output = 0x10e4bc468
[LOG] OutputSoftware::createSample             :     lengthpcm 19200, lengthbytes 320000, channels 2, format 2, freq 48000, mode 0201008a
[LOG] System::createSoundInternal              :     1 subsounds detected.
[LOG] System::createSoundInternal              :     Seek stream to start
[LOG] System::createSoundInternal              :     flush stream buffer
[LOG] System::createSoundInternal              :     flush successful.
[LOG] System::createSoundInternal              :     switch file handle from small blocking single buffered to large nonblocking doublebuffered.
[LOG] SystemI::createSoundInternal             :     done.  OpenState now = FMOD_OPENSTATE_READY.

[LOG] AsyncThread::threadFunc                  : Finished Asynchronous operation on sound 0x135fe6de8
[LOG] AsyncThread::threadFunc                  : Starting Asynchronous operation on sound 0x135fe7198
[LOG] SystemI::createSoundInternal             :     filename = /Users/AzMacbook/Documents/GameFmodSession/Build/Desktop/Master Bank.bank : mode 02010082
[LOG] SystemI::createSoundInternal             :     exinfo->cbsize             = 232
[LOG] SystemI::createSoundInternal             :     exinfo->length             = 4256128
[LOG] SystemI::createSoundInternal             :     exinfo->fileoffset         = 20544
[LOG] SystemI::createSoundInternal             :     exinfo->numsubsounds       = 1
[LOG] SystemI::createSoundInternal             :     exinfo->inclusionlist      = 0x10e351168
[LOG] SystemI::createSoundInternal             :     exinfo->inclusionlistnum   = 1
[LOG] SystemI::createSoundInternal             :     exinfo->suggestedsoundtype = 5
[LOG] SystemI::createSoundInternal             :     exinfo->initialseekpostype = 1
[LOG] SystemI::createSoundInternal             :     Format has 1 subsounds.
[LOG] SystemI::createSoundInternal             :     Create as FMOD_CREATESTREAM
[LOG] System::createSoundInternal              :     decode buffersize = 19200 : blocksize = 256 : format = 2
[LOG] SystemI::createSample                    :     mode 02010082 length 19200 samples, lengthbytes 1532480
[LOG] SystemI::createSample                    :     channels = 2
[LOG] SystemI::createSample                    :     output = 0x10e4bc468
[LOG] OutputSoftware::createSample             :     lengthpcm 19200, lengthbytes 1532480, channels 2, format 2, freq 48000, mode 0201008a
[LOG] System::createSoundInternal              :     1 subsounds detected.
[LOG] System::createSoundInternal              :     Seek stream to start
[LOG] System::createSoundInternal              :     flush stream buffer
[LOG] System::createSoundInternal              :     flush successful.
[LOG] System::createSoundInternal              :     switch file handle from small blocking single buffered to large nonblocking doublebuffered.
[LOG] SystemI::createSoundInternal             :     done.  OpenState now = FMOD_OPENSTATE_READY.

[LOG] AsyncThread::threadFunc                  : Finished Asynchronous operation on sound 0x135fe7198
[LOG] AsyncThread::threadFunc                  : Starting Asynchronous operation on sound 0x135fe87f8
[LOG] SystemI::createSoundInternal             :     filename = /Users/AzMacbook/Documents/GameFmodSession/Build/Desktop/Master Bank.bank : mode 02010082
[LOG] SystemI::createSoundInternal             :     exinfo->cbsize             = 232
[LOG] SystemI::createSoundInternal             :     exinfo->length             = 4256128
[LOG] SystemI::createSoundInternal             :     exinfo->fileoffset         = 20544
[LOG] SystemI::createSoundInternal             :     exinfo->numsubsounds       = 1
[LOG] SystemI::createSoundInternal             :     exinfo->inclusionlist      = 0x135fe8ac8
[LOG] SystemI::createSoundInternal             :     exinfo->inclusionlistnum   = 1
[LOG] SystemI::createSoundInternal             :     exinfo->suggestedsoundtype = 5
[LOG] SystemI::createSoundInternal             :     exinfo->initialseekpostype = 1
[LOG] SystemI::createSoundInternal             :     Format has 1 subsounds.
[LOG] SystemI::createSoundInternal             :     Create as FMOD_CREATESTREAM
[LOG] System::createSoundInternal              :     decode buffersize = 19200 : blocksize = 256 : format = 2
[LOG] SystemI::createSample                    :     mode 02010082 length 19200 samples, lengthbytes 341856
[LOG] SystemI::createSample                    :     channels = 2
[LOG] SystemI::createSample                    :     output = 0x10e4bc468
[LOG] OutputSoftware::createSample             :     lengthpcm 19200, lengthbytes 341856, channels 2, format 2, freq 48000, mode 0201008a
[LOG] System::createSoundInternal              :     1 subsounds detected.
[LOG] System::createSoundInternal              :     Seek stream to start
[LOG] System::createSoundInternal              :     flush stream buffer
[LOG] System::createSoundInternal              :     flush successful.
[LOG] System::createSoundInternal              :     switch file handle from small blocking single buffered to large nonblocking doublebuffered.
[LOG] SystemI::createSoundInternal             :     done.  OpenState now = FMOD_OPENSTATE_READY.

[LOG] AsyncThread::threadFunc                  : Finished Asynchronous operation on sound 0x135fe87f8
[LOG] SoundI::getSubSound                      : sound 0x1378b08b8.  Subsound index 0 / 1
[LOG] SoundI::getSubSound                      : sound 0x135fe7ee8.  Subsound index 0 / 1
[LOG] SoundI::getSubSound                      : sound 0x135fe6de8.  Subsound index 0 / 1
[LOG] SoundI::getSubSound                      : sound 0x135fe7198.  Subsound index 0 / 1
[LOG] SoundI::getSubSound                      : sound 0x135fe87f8.  Subsound index 0 / 1
[LOG] SoundI::release                          : Bass_Squelch (0x1378b08b8)
[LOG] SoundI::release                          : remove stream samples. (0x1378b08b8)
[LOG] SoundI::release                          :     Bass_Squelch (0x135fe8ce8)
[LOG] SoundI::release                          :     done
[LOG] SoundI::release                          : release subsounds. (0x1378b08b8)
[LOG] SoundI::release                          :     Bass_Squelch (0x135fe8e78)
[LOG] SoundI::release                          :     done
[LOG] SoundI::release                          : release codec. (0x1378b08b8)
[LOG] SoundI::release                          : done
[LOG] SoundI::release                          : Bass_Voice (0x135fe6de8)
[LOG] SoundI::release                          : remove stream samples. (0x135fe6de8)
[LOG] SoundI::release                          :     Bass_Voice (0x141fc0638)
[LOG] SoundI::release                          :     done
[LOG] SoundI::release                          : release subsounds. (0x135fe6de8)
[LOG] SoundI::release                          :     Bass_Voice (0x141fc07c8)
[LOG] SoundI::release                          :     done
[LOG] SoundI::release                          : release codec. (0x135fe6de8)
[LOG] SoundI::release                          : done
[LOG] SoundI::release                          : BigArpBass_BitCrushed (0x135fe7198)
[LOG] SoundI::release                          : remove stream samples. (0x135fe7198)
[LOG] SoundI::release                          :     BigArpBass_BitCrushed (0x135fe9ae8)
[LOG] SoundI::release                          :     done
[LOG] SoundI::release                          : release subsounds. (0x135fe7198)
[LOG] SoundI::release                          :     BigArpBass_BitCrushed (0x135fe9c78)
[LOG] SoundI::release                          :     done
[LOG] SoundI::release                          : release codec. (0x135fe7198)
[LOG] SoundI::release                          : done
[LOG] SoundI::release                          : Bass_Ringmod (0x135fe87f8)
[LOG] SoundI::release                          : remove stream samples. (0x135fe87f8)
[LOG] SoundI::release                          :     Bass_Ringmod (0x136cb57c8)
[LOG] SoundI::release                          :     done
[LOG] SoundI::release                          : release subsounds. (0x135fe87f8)
[LOG] SoundI::release                          :     Bass_Ringmod (0x136c4a558)
[LOG] SoundI::release                          :     done
[LOG] SoundI::release                          : release codec. (0x135fe87f8)
[LOG] SoundI::release                          : done
[LOG] SoundI::release                          : Arp Bass notail (0x135fe7ee8)
[LOG] SoundI::release                          : remove stream samples. (0x135fe7ee8)
[LOG] SoundI::release                          :     Arp Bass notail (0x141fbfbf8)
[LOG] SoundI::release                          :     done
[LOG] SoundI::release                          : release subsounds. (0x135fe7ee8)
[LOG] SoundI::release                          :     Arp Bass notail (0x141fbfd88)
[LOG] SoundI::release                          :     done
[LOG] SoundI::release                          : release codec. (0x135fe7ee8)
[LOG] SoundI::release                          : done
[LOG] SystemI::createSound                     : filename = /Users/AzMacbook/Documents/GameFmodSession/Build/Desktop/Master Bank.bank : mode 02010082
[LOG] SystemI::createSound                     : FMOD_NONBLOCKING specified.  Putting into queue to be opened asynchronously!
[LOG] SystemI::createSound                     : setdata soundi = 0x1378b6e78 : node = 0x1378b7030
[LOG] SystemI::createSound                     : add node to async list : head = 0x10e50a698.  list count = 0
[LOG] AsyncThread::threadFunc                  : Starting Asynchronous operation on sound 0x1378b6e78
[LOG] SystemI::createSound                     : filename = /Users/AzMacbook/Documents/GameFmodSession/Build/Desktop/Master Bank.bank : mode 02010082
[LOG] SystemI::createSoundInternal             :     filename = /Users/AzMacbook/Documents/GameFmodSession/Build/Desktop/Master Bank.bank : mode 02010082
[LOG] SystemI::createSound                     :     FMOD_NONBLOCKING specified.  Putting into queue to be opened asynchronously!
[LOG] SystemI::createSoundInternal             :     exinfo->cbsize             = 232
[LOG] SystemI::createSound                     :     setdata soundi = 0x10e50a8c8 : node = 0x135fec200
[LOG] SystemI::createSoundInternal             :     exinfo->length             = 4256128
[LOG] SystemI::createSound                     :     add node to async list : head = 0x10e50a698.  list count = 0
[LOG] SystemI::createSoundInternal             :     exinfo->fileoffset         = 20544
[LOG] SystemI::createSound                     :     filename = /Users/AzMacbook/Documents/GameFmodSession/Build/Desktop/Master Bank.bank : mode 02010082
[LOG] SystemI::createSoundInternal             :     exinfo->numsubsounds       = 1
[LOG] SystemI::createSound                     :     FMOD_NONBLOCKING specified.  Putting into queue to be opened asynchronously!
[LOG] SystemI::createSoundInternal             :     exinfo->inclusionlist      = 0x1378b7148
[LOG] SystemI::createSound                     :     setdata soundi = 0x135fecb48 : node = 0x135fecd00
[LOG] SystemI::createSoundInternal             :     exinfo->inclusionlistnum   = 1
[LOG] SystemI::createSound                     :     add node to async list : head = 0x10e50a698.  list count = 1
[LOG] SystemI::createSoundInternal             :     exinfo->suggestedsoundtype = 5
[LOG] SystemI::createSound                     :     filename = /Users/AzMacbook/Documents/GameFmodSession/Build/Desktop/Master Bank.bank : mode 02010082
[LOG] SystemI::createSoundInternal             :     exinfo->initialseekpostype = 1
[LOG] SystemI::createSound                     :     FMOD_NONBLOCKING specified.  Putting into queue to be opened asynchronously!
[LOG] SystemI::createSound                     :     setdata soundi = 0x135fed038 : node = 0x135fed1f0
[LOG] SystemI::createSound                     :     add node to async list : head = 0x10e50a698.  list count = 2
[LOG] SystemI::createSound                     :     filename = /Users/AzMacbook/Documents/GameFmodSession/Build/Desktop/Master Bank.bank : mode 02010082
[LOG] SystemI::createSound                     :     FMOD_NONBLOCKING specified.  Putting into queue to be opened asynchronously!
[LOG] SystemI::createSound                     :     setdata soundi = 0x135fed528 : node = 0x135fed6e0
[LOG] SystemI::createSound                     :     add node to async list : head = 0x10e50a698.  list count = 3
[LOG] SystemI::createSoundInternal             :     Format has 1 subsounds.
[LOG] SystemI::createSoundInternal             :     Create as FMOD_CREATESTREAM
[LOG] System::createSoundInternal              :     decode buffersize = 19200 : blocksize = 256 : format = 2
[LOG] SystemI::createSample                    :     mode 02010082 length 19200 samples, lengthbytes 1060864
[LOG] SystemI::createSample                    :     channels = 2
[LOG] SystemI::createSample                    :     output = 0x10e4bc468
[LOG] OutputSoftware::createSample             :     lengthpcm 19200, lengthbytes 1060864, channels 2, format 2, freq 48000, mode 0201008a
[LOG] System::createSoundInternal              :     1 subsounds detected.
[LOG] System::createSoundInternal              :     Seek stream to start
[LOG] System::createSoundInternal              :     flush stream buffer
[LOG] System::createSoundInternal              :     flush successful.
[LOG] System::createSoundInternal              :     switch file handle from small blocking single buffered to large nonblocking doublebuffered.
[LOG] SystemI::createSoundInternal             :     done.  OpenState now = FMOD_OPENSTATE_READY.

[LOG] AsyncThread::threadFunc                  : Finished Asynchronous operation on sound 0x1378b6e78
[LOG] AsyncThread::threadFunc                  : Starting Asynchronous operation on sound 0x10e50a8c8
[LOG] SystemI::createSoundInternal             :     filename = /Users/AzMacbook/Documents/GameFmodSession/Build/Desktop/Master Bank.bank : mode 02010082
[LOG] SystemI::createSoundInternal             :     exinfo->cbsize             = 232
[LOG] SystemI::createSoundInternal             :     exinfo->length             = 4256128
[LOG] SystemI::createSoundInternal             :     exinfo->fileoffset         = 20544
[LOG] SystemI::createSoundInternal             :     exinfo->numsubsounds       = 1
[LOG] SystemI::createSoundInternal             :     exinfo->inclusionlist      = 0x135fec318
[LOG] SystemI::createSoundInternal             :     exinfo->inclusionlistnum   = 1
[LOG] SystemI::createSoundInternal             :     exinfo->suggestedsoundtype = 5
[LOG] SystemI::createSoundInternal             :     exinfo->initialseekpostype = 1
[LOG] SystemI::createSoundInternal             :     Format has 1 subsounds.
[LOG] SystemI::createSoundInternal             :     Create as FMOD_CREATESTREAM
[LOG] System::createSoundInternal              :     decode buffersize = 19200 : blocksize = 256 : format = 2
[LOG] SystemI::createSample                    :     mode 02010082 length 19200 samples, lengthbytes 996992
[LOG] SystemI::createSample                    :     channels = 2
[LOG] SystemI::createSample                    :     output = 0x10e4bc468
[LOG] OutputSoftware::createSample             :     lengthpcm 19200, lengthbytes 996992, channels 2, format 2, freq 48000, mode 0201008a
[LOG] System::createSoundInternal              :     1 subsounds detected.
[LOG] System::createSoundInternal              :     Seek stream to start
[LOG] System::createSoundInternal              :     flush stream buffer
[LOG] System::createSoundInternal              :     flush successful.
[LOG] System::createSoundInternal              :     switch file handle from small blocking single buffered to large nonblocking doublebuffered.
[LOG] SystemI::createSoundInternal             :     done.  OpenState now = FMOD_OPENSTATE_READY.

[LOG] AsyncThread::threadFunc                  : Finished Asynchronous operation on sound 0x10e50a8c8
[LOG] AsyncThread::threadFunc                  : Starting Asynchronous operation on sound 0x135fecb48
[LOG] SystemI::createSoundInternal             :     filename = /Users/AzMacbook/Documents/GameFmodSession/Build/Desktop/Master Bank.bank : mode 02010082
[LOG] SystemI::createSoundInternal             :     exinfo->cbsize             = 232
[LOG] SystemI::createSoundInternal             :     exinfo->length             = 4256128
[LOG] SystemI::createSoundInternal             :     exinfo->fileoffset         = 20544
[LOG] SystemI::createSoundInternal             :     exinfo->numsubsounds       = 1
[LOG] SystemI::createSoundInternal             :     exinfo->inclusionlist      = 0x135fece18
[LOG] SystemI::createSoundInternal             :     exinfo->inclusionlistnum   = 1
[LOG] SystemI::createSoundInternal             :     exinfo->suggestedsoundtype = 5
[LOG] SystemI::createSoundInternal             :     exinfo->initialseekpostype = 1
[LOG] SystemI::createSoundInternal             :     Format has 1 subsounds.
[LOG] SystemI::createSoundInternal             :     Create as FMOD_CREATESTREAM
[LOG] System::createSoundInternal              :     decode buffersize = 19200 : blocksize = 256 : format = 2
[LOG] SystemI::createSample                    :     mode 02010082 length 19200 samples, lengthbytes 320000
[LOG] SystemI::createSample                    :     channels = 2
[LOG] SystemI::createSample                    :     output = 0x10e4bc468
[LOG] OutputSoftware::createSample             :     lengthpcm 19200, lengthbytes 320000, channels 2, format 2, freq 48000, mode 0201008a
[LOG] System::createSoundInternal              :     1 subsounds detected.
[LOG] System::createSoundInternal              :     Seek stream to start
[LOG] System::createSoundInternal              :     flush stream buffer
[LOG] System::createSoundInternal              :     flush successful.
[LOG] System::createSoundInternal              :     switch file handle from small blocking single buffered to large nonblocking doublebuffered.
[LOG] SystemI::createSoundInternal             :     done.  OpenState now = FMOD_OPENSTATE_READY.

[LOG] AsyncThread::threadFunc                  : Finished Asynchronous operation on sound 0x135fecb48
[LOG] AsyncThread::threadFunc                  : Starting Asynchronous operation on sound 0x135fed038
[LOG] SystemI::createSoundInternal             :     filename = /Users/AzMacbook/Documents/GameFmodSession/Build/Desktop/Master Bank.bank : mode 02010082
[LOG] SystemI::createSoundInternal             :     exinfo->cbsize             = 232
[LOG] SystemI::createSoundInternal             :     exinfo->length             = 4256128
[LOG] SystemI::createSoundInternal             :     exinfo->fileoffset         = 20544
[LOG] SystemI::createSoundInternal             :     exinfo->numsubsounds       = 1
[LOG] SystemI::createSoundInternal             :     exinfo->inclusionlist      = 0x135fed308
[LOG] SystemI::createSoundInternal             :     exinfo->inclusionlistnum   = 1
[LOG] SystemI::createSoundInternal             :     exinfo->suggestedsoundtype = 5
[LOG] SystemI::createSoundInternal             :     exinfo->initialseekpostype = 1
[LOG] SystemI::createSoundInternal             :     Format has 1 subsounds.
[LOG] SystemI::createSoundInternal             :     Create as FMOD_CREATESTREAM
[LOG] System::createSoundInternal              :     decode buffersize = 19200 : blocksize = 256 : format = 2
[LOG] SystemI::createSample                    :     mode 02010082 length 19200 samples, lengthbytes 1532480
[LOG] SystemI::createSample                    :     channels = 2
[LOG] SystemI::createSample                    :     output = 0x10e4bc468
[LOG] OutputSoftware::createSample             :     lengthpcm 19200, lengthbytes 1532480, channels 2, format 2, freq 48000, mode 0201008a
[LOG] System::createSoundInternal              :     1 subsounds detected.
[LOG] System::createSoundInternal              :     Seek stream to start
[LOG] System::createSoundInternal              :     flush stream buffer
[LOG] System::createSoundInternal              :     flush successful.
[LOG] System::createSoundInternal              :     switch file handle from small blocking single buffered to large nonblocking doublebuffered.
[LOG] SystemI::createSoundInternal             :     done.  OpenState now = FMOD_OPENSTATE_READY.

[LOG] AsyncThread::threadFunc                  : Finished Asynchronous operation on sound 0x135fed038
[LOG] AsyncThread::threadFunc                  : Starting Asynchronous operation on sound 0x135fed528
[LOG] SystemI::createSoundInternal             :     filename = /Users/AzMacbook/Documents/GameFmodSession/Build/Desktop/Master Bank.bank : mode 02010082
[LOG] SystemI::createSoundInternal             :     exinfo->cbsize             = 232
[LOG] SystemI::createSoundInternal             :     exinfo->length             = 4256128
[LOG] SystemI::createSoundInternal             :     exinfo->fileoffset         = 20544
[LOG] SystemI::createSoundInternal             :     exinfo->numsubsounds       = 1
[LOG] SystemI::createSoundInternal             :     exinfo->inclusionlist      = 0x135fed7f8
[LOG] SystemI::createSoundInternal             :     exinfo->inclusionlistnum   = 1
[LOG] SystemI::createSoundInternal             :     exinfo->suggestedsoundtype = 5
[LOG] SystemI::createSoundInternal             :     exinfo->initialseekpostype = 1
[LOG] SystemI::createSoundInternal             :     Format has 1 subsounds.
[LOG] SystemI::createSoundInternal             :     Create as FMOD_CREATESTREAM
[LOG] System::createSoundInternal              :     decode buffersize = 19200 : blocksize = 256 : format = 2
[LOG] SystemI::createSample                    :     mode 02010082 length 19200 samples, lengthbytes 341856
[LOG] SystemI::createSample                    :     channels = 2
[LOG] SystemI::createSample                    :     output = 0x10e4bc468
[LOG] OutputSoftware::createSample             :     lengthpcm 19200, lengthbytes 341856, channels 2, format 2, freq 48000, mode 0201008a
[LOG] System::createSoundInternal              :     1 subsounds detected.
[LOG] System::createSoundInternal              :     Seek stream to start
[LOG] System::createSoundInternal              :     flush stream buffer
[LOG] System::createSoundInternal              :     flush successful.
[LOG] System::createSoundInternal              :     switch file handle from small blocking single buffered to large nonblocking doublebuffered.
[LOG] SystemI::createSoundInternal             :     done.  OpenState now = FMOD_OPENSTATE_READY.

[LOG] AsyncThread::threadFunc                  : Finished Asynchronous operation on sound 0x135fed528
[LOG] SoundI::getSubSound                      : sound 0x1378b6e78.  Subsound index 0 / 1
[LOG] SoundI::getSubSound                      : sound 0x10e50a8c8.  Subsound index 0 / 1
[LOG] SoundI::getSubSound                      : sound 0x135fecb48.  Subsound index 0 / 1
[LOG] SoundI::getSubSound                      : sound 0x135fed038.  Subsound index 0 / 1
[LOG] SoundI::getSubSound                      : sound 0x135fed528.  Subsound index 0 / 1
[LOG] SoundI::release                          : Bass_Squelch (0x1378b6e78)
[LOG] SoundI::release                          : remove stream samples. (0x1378b6e78)
[LOG] SoundI::release                          :     Bass_Squelch (0x136c40c58)
[LOG] SoundI::release                          :     done
[LOG] SoundI::release                          : release subsounds. (0x1378b6e78)
[LOG] SoundI::release                          :     Bass_Squelch (0x136c40de8)
[LOG] SoundI::release                          :     done
[LOG] SoundI::release                          : release codec. (0x1378b6e78)
[LOG] SoundI::release                          : done
[LOG] SoundI::release                          : Bass_Voice (0x135fecb48)
[LOG] SoundI::release                          : remove stream samples. (0x135fecb48)
[LOG] SoundI::release                          :     Bass_Voice (0x136c42398)
[LOG] SoundI::release                          :     done
[LOG] SoundI::release                          : release subsounds. (0x135fecb48)
[LOG] SoundI::release                          :     Bass_Voice (0x136c42528)
[LOG] SoundI::release                          :     done
[LOG] SoundI::release                          : release codec. (0x135fecb48)
[LOG] SoundI::release                          : done
[LOG] SoundI::release                          : BigArpBass_BitCrushed (0x135fed038)
[LOG] SoundI::release                          : remove stream samples. (0x135fed038)
[LOG] SoundI::release                          :     BigArpBass_BitCrushed (0x136c42c98)
[LOG] SoundI::release                          :     done
[LOG] SoundI::release                          : release subsounds. (0x135fed038)
[LOG] SoundI::release                          :     BigArpBass_BitCrushed (0x136c42e28)
[LOG] SoundI::release                          :     done
[LOG] SoundI::release                          : release codec. (0x135fed038)
[LOG] SoundI::release                          : done
[LOG] SoundI::release                          : Bass_Ringmod (0x135fed528)
[LOG] SoundI::release                          : remove stream samples. (0x135fed528)
[LOG] SoundI::release                          :     Bass_Ringmod (0x136c436d8)
[LOG] SoundI::release                          :     done
[LOG] SoundI::release                          : release subsounds. (0x135fed528)
[LOG] SoundI::release                          :     Bass_Ringmod (0x135fed808)
[LOG] SoundI::release                          :     done
[LOG] SoundI::release                          : release codec. (0x135fed528)
[LOG] SoundI::release                          : done
[LOG] SoundI::release                          : Arp Bass notail (0x10e50a8c8)
[LOG] SoundI::release                          : remove stream samples. (0x10e50a8c8)
[LOG] SoundI::release                          :     Arp Bass notail (0x136c41a98)
[LOG] SoundI::release                          :     done
[LOG] SoundI::release                          : release subsounds. (0x10e50a8c8)
[LOG] SoundI::release                          :     Arp Bass notail (0x136c41c28)
[LOG] SoundI::release                          :     done
[LOG] SoundI::release                          : release codec. (0x10e50a8c8)
[LOG] SoundI::release                          : done
[LOG] Thread::callback                         : FMOD Studio update thread finished.
[LOG] Thread::callback                         : FMOD Studio bank load thread finished.
[LOG] Profile::disconnectAll                   : Profiler disconnecting all clients
[LOG] Thread::callback                         : FMOD Studio sample load thread finished.
[LOG] LiveUpdate::release                      : 
[LOG] LiveUpdate::reset                        : Reset connection (reason Disconnected)
[LOG] SystemI::close                           : 
[LOG] SystemI::close                           : Stop all sounds
[LOG] Thread::callback                         : FMOD stream thread finished.
[LOG] SystemI::close                           : Stream thread destroyed
[LOG] Thread::callback                         : FMOD mixer thread finished.
[LOG] Profile::disconnectAll                   : Profiler disconnecting all clients
[LOG] SystemI::close                           : Free master channel group.
[LOG] SystemI::close                           : Remove 'master' sound group.
[LOG] SystemI::close                           : Free software output.
[LOG] SystemI::close                           : Free emulated output.
[LOG] SystemI::close                           : Free channel pool.
[LOG] SystemI::close                           : done.

[LOG] Thread::callback                         : FMOD Studio bank load thread finished.
[LOG] Thread::callback                         : FMOD Studio sample load thread finished.
[LOG] LiveUpdate::release                      : 
[LOG] LiveUpdate::reset                        : Reset connection (reason Disconnected)
[LOG] SystemI::close                           : 
[LOG] SystemI::close                           : Stop all sounds
[LOG] Thread::callback                         : FMOD stream thread finished.
[LOG] SystemI::close                           : Stream thread destroyed
[LOG] Thread::callback                         : FMOD mixer thread finished.
[LOG] SystemI::close                           : Free master channel group.
[LOG] SystemI::close                           : Remove 'master' sound group.
[LOG] SystemI::close                           : Free software output.
[LOG] SystemI::close                           : Free emulated output.
[LOG] SystemI::close                           : Free channel pool.
[LOG] Thread::callback                         : FMOD nonblocking thread (0) finished.
[LOG] Thread::callback                         : FMOD file thread finished.
[LOG] SystemI::close                           : done.

